[0.017s][warning][cds] A jar file is not the one used while building the shared archive file: C:\Users\darky\AppData\Roaming\Code\User\globalStorage\pleiades.java-extension-pack-jdk\java\21\lib\modules
[0.017s][warning][cds] A jar file is not the one used while building the shared archive file: C:\Users\darky\AppData\Roaming\Code\User\globalStorage\pleiades.java-extension-pack-jdk\java\21\lib\modules
[0.017s][warning][cds] C:\Users\darky\AppData\Roaming\Code\User\globalStorage\pleiades.java-extension-pack-jdk\java\21\lib\modules timestamp has changed.
[INFO] Scanning for projects...
[INFO] 
[INFO] -----------------< com.classroomapp:classroom-backend >-----------------
[INFO] Building classroom-backend 0.0.1-SNAPSHOT
[INFO]   from pom.xml
[INFO] --------------------------------[ jar ]---------------------------------
[INFO] 
[INFO] >>> spring-boot:3.2.5:run (default-cli) > test-compile @ classroom-backend >>>
[INFO] 
[INFO] --- resources:3.3.1:resources (default-resources) @ classroom-backend ---
[INFO] Copying 5 resources from src\main\resources to target\classes
[INFO] Copying 15 resources from src\main\resources to target\classes
[INFO] 
[INFO] --- compiler:3.8.1:compile (default-compile) @ classroom-backend ---
[INFO] Changes detected - recompiling the module!
[INFO] Compiling 250 source files to C:\Users\darky\Downloads\SEP490\backend\doproject\target\classes
[INFO] -------------------------------------------------------------
[ERROR] COMPILATION ERROR : 
[INFO] -------------------------------------------------------------
[ERROR] /C:/Users/darky/Downloads/SEP490/backend/doproject/src/main/java/com/classroomapp/classroombackend/model/StudentQuizAnswer.java:[49,13] cannot find symbol
  symbol:   class Submission
  location: class com.classroomapp.classroombackend.model.StudentQuizAnswer
[ERROR] /C:/Users/darky/Downloads/SEP490/backend/doproject/src/main/java/com/classroomapp/classroombackend/model/StudentQuizAnswer.java:[49,24] cannot find symbol
  symbol:   class Submission
  location: class com.classroomapp.classroombackend.model.StudentQuizAnswer
[ERROR] /C:/Users/darky/Downloads/SEP490/backend/doproject/src/main/java/com/classroomapp/classroombackend/model/StudentQuizAnswer.java:[14,1] cannot find symbol
  symbol:   class Submission
  location: class com.classroomapp.classroombackend.model.StudentQuizAnswer
[ERROR] /C:/Users/darky/Downloads/SEP490/backend/doproject/src/main/java/com/classroomapp/classroombackend/model/StudentQuizAnswer.java:[16,1] cannot find symbol
  symbol:   class Submission
  location: class com.classroomapp.classroombackend.model.StudentQuizAnswer
[ERROR] /C:/Users/darky/Downloads/SEP490/backend/doproject/src/main/java/com/classroomapp/classroombackend/model/GradingDetail.java:[58,13] cannot find symbol
  symbol:   class Submission
  location: class com.classroomapp.classroombackend.model.GradingDetail
[ERROR] /C:/Users/darky/Downloads/SEP490/backend/doproject/src/main/java/com/classroomapp/classroombackend/model/GradingDetail.java:[58,24] cannot find symbol
  symbol:   class Submission
  location: class com.classroomapp.classroombackend.model.GradingDetail
[ERROR] /C:/Users/darky/Downloads/SEP490/backend/doproject/src/main/java/com/classroomapp/classroombackend/model/GradingDetail.java:[24,1] cannot find symbol
  symbol:   class Submission
  location: class com.classroomapp.classroombackend.model.GradingDetail
[ERROR] /C:/Users/darky/Downloads/SEP490/backend/doproject/src/main/java/com/classroomapp/classroombackend/model/GradingDetail.java:[26,1] cannot find symbol
  symbol:   class Submission
  location: class com.classroomapp.classroombackend.model.GradingDetail
[INFO] 8 errors 
[INFO] -------------------------------------------------------------
[INFO] ------------------------------------------------------------------------
[INFO] BUILD FAILURE
[INFO] ------------------------------------------------------------------------
[INFO] Total time:  9.685 s
[INFO] Finished at: 2025-06-14T09:23:51+07:00
[INFO] ------------------------------------------------------------------------
[ERROR] Failed to execute goal org.apache.maven.plugins:maven-compiler-plugin:3.8.1:compile (default-compile) on project classroom-backend: Compilation failure: Compilation failure: 
[ERROR] /C:/Users/darky/Downloads/SEP490/backend/doproject/src/main/java/com/classroomapp/classroombackend/model/StudentQuizAnswer.java:[49,13] cannot find symbol
[ERROR]   symbol:   class Submission
[ERROR]   location: class com.classroomapp.classroombackend.model.StudentQuizAnswer
[ERROR] /C:/Users/darky/Downloads/SEP490/backend/doproject/src/main/java/com/classroomapp/classroombackend/model/StudentQuizAnswer.java:[49,24] cannot find symbol
[ERROR]   symbol:   class Submission
[ERROR]   location: class com.classroomapp.classroombackend.model.StudentQuizAnswer
[ERROR] /C:/Users/darky/Downloads/SEP490/backend/doproject/src/main/java/com/classroomapp/classroombackend/model/StudentQuizAnswer.java:[14,1] cannot find symbol
[ERROR]   symbol:   class Submission
[ERROR]   location: class com.classroomapp.classroombackend.model.StudentQuizAnswer
[ERROR] /C:/Users/darky/Downloads/SEP490/backend/doproject/src/main/java/com/classroomapp/classroombackend/model/StudentQuizAnswer.java:[16,1] cannot find symbol
[ERROR]   symbol:   class Submission
[ERROR]   location: class com.classroomapp.classroombackend.model.StudentQuizAnswer
[ERROR] /C:/Users/darky/Downloads/SEP490/backend/doproject/src/main/java/com/classroomapp/classroombackend/model/GradingDetail.java:[58,13] cannot find symbol
[ERROR]   symbol:   class Submission
[ERROR]   location: class com.classroomapp.classroombackend.model.GradingDetail
[ERROR] /C:/Users/darky/Downloads/SEP490/backend/doproject/src/main/java/com/classroomapp/classroombackend/model/GradingDetail.java:[58,24] cannot find symbol
[ERROR]   symbol:   class Submission
[ERROR]   location: class com.classroomapp.classroombackend.model.GradingDetail
[ERROR] /C:/Users/darky/Downloads/SEP490/backend/doproject/src/main/java/com/classroomapp/classroombackend/model/GradingDetail.java:[24,1] cannot find symbol
[ERROR]   symbol:   class Submission
[ERROR]   location: class com.classroomapp.classroombackend.model.GradingDetail
[ERROR] /C:/Users/darky/Downloads/SEP490/backend/doproject/src/main/java/com/classroomapp/classroombackend/model/GradingDetail.java:[26,1] cannot find symbol
[ERROR]   symbol:   class Submission
[ERROR]   location: class com.classroomapp.classroombackend.model.GradingDetail
[ERROR] -> [Help 1]
[ERROR] 
[ERROR] To see the full stack trace of the errors, re-run Maven with the -e switch.
[ERROR] Re-run Maven using the -X switch to enable full debug logging.
[ERROR] 
[ERROR] For more information about the errors and possible solutions, please read the following articles:
[ERROR] [Help 1] http://cwiki.apache.org/confluence/display/MAVEN/MojoFailureException

C:\Users\darky\Downloads\SEP490\backend\doproject>[0.017s][warning][cds] A jar file is not the one used while building the shared archive file: C:\Users\darky\AppData\Roaming\Code\User\globalStorage\pleiades.java-extension-pack-jdk\java\21\lib\modules
[0.017s][warning][cds] A jar file is not the one used while building the shared archive file: C:\Users\darky\AppData\Roaming\Code\User\globalStorage\pleiades.java-extension-pack-jdk\java\21\lib\modules
[0.017s][warning][cds] C:\Users\darky\AppData\Roaming\Code\User\globalStorage\pleiades.java-extension-pack-jdk\java\21\lib\modules timestamp has changed.

C:\Users\darky\Downloads\SEP490\backend\doproject>"Checking startup log..."

C:\Users\darky\Downloads\SEP490\backend\doproject>'tail' is not recognized as an internal or external command,
operable program or batch file.

C:\Users\darky\Downloads\SEP490\backend\doproject>
C:\Users\darky\Downloads\SEP490\backend\doproject>[0.015s][warning][cds] A jar file is not the one used while building the shared archive file: C:\Users\darky\AppData\Roaming\Code\User\globalStorage\pleiades.java-extension-pack-jdk\java\21\lib\modules
[0.015s][warning][cds] A jar file is not the one used while building the shared archive file: C:\Users\darky\AppData\Roaming\Code\User\globalStorage\pleiades.java-extension-pack-jdk\java\21\lib\modules
[0.015s][warning][cds] C:\Users\darky\AppData\Roaming\Code\User\globalStorage\pleiades.java-extension-pack-jdk\java\21\lib\modules timestamp has changed.
[INFO] Scanning for projects...
[INFO] 
[INFO] -----------------< com.classroomapp:classroom-backend >-----------------
[INFO] Building classroom-backend 0.0.1-SNAPSHOT
[INFO]   from pom.xml
[INFO] --------------------------------[ jar ]---------------------------------
[INFO] 
[INFO] --- clean:3.3.2:clean (default-clean) @ classroom-backend ---
[INFO] Deleting C:\Users\darky\Downloads\SEP490\backend\doproject\target
[INFO] 
[INFO] --- resources:3.3.1:resources (default-resources) @ classroom-backend ---
[INFO] Copying 5 resources from src\main\resources to target\classes
[INFO] Copying 15 resources from src\main\resources to target\classes
[INFO] 
[INFO] --- compiler:3.8.1:compile (default-compile) @ classroom-backend ---
[INFO] Changes detected - recompiling the module!
[INFO] Compiling 249 source files to C:\Users\darky\Downloads\SEP490\backend\doproject\target\classes
[INFO] ------------------------------------------------------------------------
[INFO] BUILD SUCCESS
[INFO] ------------------------------------------------------------------------
[INFO] Total time:  14.032 s
[INFO] Finished at: 2025-06-14T09:28:39+07:00
[INFO] ------------------------------------------------------------------------

C:\Users\darky\Downloads\SEP490\backend\doproject>
C:\Users\darky\Downloads\SEP490\backend\doproject>
C:\Users\darky\Downloads\SEP490\backend\doproject>
C:\Users\darky\Downloads\SEP490\backend\doproject>C:\Users\darky\Downloads\SEP490\backend\doproject>C:\Users\darky\Downloads\SEP490\backend\doproject>
C:\Users\darky\Downloads\SEP490\backend\doproject>
C:\Users\darky\Downloads\SEP490\backend\doproject>